<?xml version="1.0" encoding="UTF-8"?>
<testng-results ignored="0" total="14" passed="14" failed="0" skipped="0">
  <reporter-output>
  </reporter-output>
  <suite started-at="2022-10-16T06:38:58Z" name="Default suite" finished-at="2022-10-16T06:48:36Z" duration-ms="577965">
    <groups>
      <group name="cucumber">
        <method signature="AbstractTestNGCucumberTests.runScenario(io.cucumber.testng.PickleWrapper, io.cucumber.testng.FeatureWrapper)[pri:0, instance:testrunner@7ac296f6]" name="runScenario" class="io.cucumber.testng.AbstractTestNGCucumberTests"/>
      </group> <!-- cucumber -->
    </groups>
    <test started-at="2022-10-16T06:38:58Z" name="Default test" finished-at="2022-10-16T06:48:36Z" duration-ms="577965">
      <class name="testrunner">
        <test-method is-config="true" signature="setUpClass(org.testng.ITestContext)[pri:0, instance:testrunner@7ac296f6]" started-at="2022-10-16T06:38:58Z" name="setUpClass" finished-at="2022-10-16T06:38:59Z" duration-ms="1245" status="PASS">
          <params>
            <param index="0">
              <value>
                <![CDATA[org.testng.TestRunner@6e22d6bf]]>
              </value>
            </param>
          </params>
          <reporter-output>
          </reporter-output>
        </test-method> <!-- setUpClass -->
        <test-method signature="runScenario(io.cucumber.testng.PickleWrapper, io.cucumber.testng.FeatureWrapper)[pri:0, instance:testrunner@7ac296f6]" started-at="2022-10-16T06:38:59Z" name="runScenario" description="Runs Cucumber Scenarios" data-provider="scenarios" finished-at="2022-10-16T06:39:39Z" duration-ms="40009" status="PASS">
          <params>
            <param index="0">
              <value>
                <![CDATA["User updates password with valid format"]]>
              </value>
            </param>
            <param index="1">
              <value>
                <![CDATA["Update Password"]]>
              </value>
            </param>
          </params>
          <reporter-output>
          </reporter-output>
        </test-method> <!-- runScenario -->
        <test-method signature="runScenario(io.cucumber.testng.PickleWrapper, io.cucumber.testng.FeatureWrapper)[pri:0, instance:testrunner@7ac296f6]" started-at="2022-10-16T06:39:39Z" name="runScenario" description="Runs Cucumber Scenarios" data-provider="scenarios" finished-at="2022-10-16T06:40:19Z" duration-ms="40033" status="PASS">
          <params>
            <param index="0">
              <value>
                <![CDATA["User updates password with valid format"]]>
              </value>
            </param>
            <param index="1">
              <value>
                <![CDATA["Update Password"]]>
              </value>
            </param>
          </params>
          <reporter-output>
          </reporter-output>
        </test-method> <!-- runScenario -->
        <test-method signature="runScenario(io.cucumber.testng.PickleWrapper, io.cucumber.testng.FeatureWrapper)[pri:0, instance:testrunner@7ac296f6]" started-at="2022-10-16T06:40:19Z" name="runScenario" description="Runs Cucumber Scenarios" data-provider="scenarios" finished-at="2022-10-16T06:41:19Z" duration-ms="59385" status="PASS">
          <params>
            <param index="0">
              <value>
                <![CDATA["User updates password with invalid format"]]>
              </value>
            </param>
            <param index="1">
              <value>
                <![CDATA["Update Password invalid"]]>
              </value>
            </param>
          </params>
          <reporter-output>
          </reporter-output>
        </test-method> <!-- runScenario -->
        <test-method signature="runScenario(io.cucumber.testng.PickleWrapper, io.cucumber.testng.FeatureWrapper)[pri:0, instance:testrunner@7ac296f6]" started-at="2022-10-16T06:41:19Z" name="runScenario" description="Runs Cucumber Scenarios" data-provider="scenarios" finished-at="2022-10-16T06:42:00Z" duration-ms="41640" status="PASS">
          <params>
            <param index="0">
              <value>
                <![CDATA["User updates password with invalid format"]]>
              </value>
            </param>
            <param index="1">
              <value>
                <![CDATA["Update Password invalid"]]>
              </value>
            </param>
          </params>
          <reporter-output>
          </reporter-output>
        </test-method> <!-- runScenario -->
        <test-method signature="runScenario(io.cucumber.testng.PickleWrapper, io.cucumber.testng.FeatureWrapper)[pri:0, instance:testrunner@7ac296f6]" started-at="2022-10-16T06:42:00Z" name="runScenario" description="Runs Cucumber Scenarios" data-provider="scenarios" finished-at="2022-10-16T06:42:37Z" duration-ms="36999" status="PASS">
          <params>
            <param index="0">
              <value>
                <![CDATA["User Updates Details with valid credentials"]]>
              </value>
            </param>
            <param index="1">
              <value>
                <![CDATA["Update Details"]]>
              </value>
            </param>
          </params>
          <reporter-output>
          </reporter-output>
        </test-method> <!-- runScenario -->
        <test-method signature="runScenario(io.cucumber.testng.PickleWrapper, io.cucumber.testng.FeatureWrapper)[pri:0, instance:testrunner@7ac296f6]" started-at="2022-10-16T06:42:37Z" name="runScenario" description="Runs Cucumber Scenarios" data-provider="scenarios" finished-at="2022-10-16T06:43:27Z" duration-ms="50121" status="PASS">
          <params>
            <param index="0">
              <value>
                <![CDATA["User Updates Details with valid credentials"]]>
              </value>
            </param>
            <param index="1">
              <value>
                <![CDATA["Update Details"]]>
              </value>
            </param>
          </params>
          <reporter-output>
          </reporter-output>
        </test-method> <!-- runScenario -->
        <test-method signature="runScenario(io.cucumber.testng.PickleWrapper, io.cucumber.testng.FeatureWrapper)[pri:0, instance:testrunner@7ac296f6]" started-at="2022-10-16T06:43:27Z" name="runScenario" description="Runs Cucumber Scenarios" data-provider="scenarios" finished-at="2022-10-16T06:44:04Z" duration-ms="37146" status="PASS">
          <params>
            <param index="0">
              <value>
                <![CDATA["User Updates Details with invalid credentials"]]>
              </value>
            </param>
            <param index="1">
              <value>
                <![CDATA["Updates invalid details"]]>
              </value>
            </param>
          </params>
          <reporter-output>
          </reporter-output>
        </test-method> <!-- runScenario -->
        <test-method signature="runScenario(io.cucumber.testng.PickleWrapper, io.cucumber.testng.FeatureWrapper)[pri:0, instance:testrunner@7ac296f6]" started-at="2022-10-16T06:44:04Z" name="runScenario" description="Runs Cucumber Scenarios" data-provider="scenarios" finished-at="2022-10-16T06:44:42Z" duration-ms="37882" status="PASS">
          <params>
            <param index="0">
              <value>
                <![CDATA["User Updates Details with invalid credentials"]]>
              </value>
            </param>
            <param index="1">
              <value>
                <![CDATA["Updates invalid details"]]>
              </value>
            </param>
          </params>
          <reporter-output>
          </reporter-output>
        </test-method> <!-- runScenario -->
        <test-method signature="runScenario(io.cucumber.testng.PickleWrapper, io.cucumber.testng.FeatureWrapper)[pri:0, instance:testrunner@7ac296f6]" started-at="2022-10-16T06:44:42Z" name="runScenario" description="Runs Cucumber Scenarios" data-provider="scenarios" finished-at="2022-10-16T06:45:19Z" duration-ms="37020" status="PASS">
          <params>
            <param index="0">
              <value>
                <![CDATA["User Updates Details with invalid credentials"]]>
              </value>
            </param>
            <param index="1">
              <value>
                <![CDATA["Updates invalid details"]]>
              </value>
            </param>
          </params>
          <reporter-output>
          </reporter-output>
        </test-method> <!-- runScenario -->
        <test-method signature="runScenario(io.cucumber.testng.PickleWrapper, io.cucumber.testng.FeatureWrapper)[pri:0, instance:testrunner@7ac296f6]" started-at="2022-10-16T06:45:19Z" name="runScenario" description="Runs Cucumber Scenarios" data-provider="scenarios" finished-at="2022-10-16T06:45:57Z" duration-ms="37145" status="PASS">
          <params>
            <param index="0">
              <value>
                <![CDATA["User Updates Details with invalid credentials"]]>
              </value>
            </param>
            <param index="1">
              <value>
                <![CDATA["Updates invalid details"]]>
              </value>
            </param>
          </params>
          <reporter-output>
          </reporter-output>
        </test-method> <!-- runScenario -->
        <test-method signature="runScenario(io.cucumber.testng.PickleWrapper, io.cucumber.testng.FeatureWrapper)[pri:0, instance:testrunner@7ac296f6]" started-at="2022-10-16T06:45:57Z" name="runScenario" description="Runs Cucumber Scenarios" data-provider="scenarios" finished-at="2022-10-16T06:46:34Z" duration-ms="37053" status="PASS">
          <params>
            <param index="0">
              <value>
                <![CDATA["User Updates Details with invalid credentials"]]>
              </value>
            </param>
            <param index="1">
              <value>
                <![CDATA["Updates invalid details"]]>
              </value>
            </param>
          </params>
          <reporter-output>
          </reporter-output>
        </test-method> <!-- runScenario -->
        <test-method signature="runScenario(io.cucumber.testng.PickleWrapper, io.cucumber.testng.FeatureWrapper)[pri:0, instance:testrunner@7ac296f6]" started-at="2022-10-16T06:46:34Z" name="runScenario" description="Runs Cucumber Scenarios" data-provider="scenarios" finished-at="2022-10-16T06:47:11Z" duration-ms="37025" status="PASS">
          <params>
            <param index="0">
              <value>
                <![CDATA["User Updates Details with invalid credentials"]]>
              </value>
            </param>
            <param index="1">
              <value>
                <![CDATA["Updates invalid details"]]>
              </value>
            </param>
          </params>
          <reporter-output>
          </reporter-output>
        </test-method> <!-- runScenario -->
        <test-method signature="runScenario(io.cucumber.testng.PickleWrapper, io.cucumber.testng.FeatureWrapper)[pri:0, instance:testrunner@7ac296f6]" started-at="2022-10-16T06:47:11Z" name="runScenario" description="Runs Cucumber Scenarios" data-provider="scenarios" finished-at="2022-10-16T06:47:54Z" duration-ms="43633" status="PASS">
          <params>
            <param index="0">
              <value>
                <![CDATA["User updates new password with wrong current password"]]>
              </value>
            </param>
            <param index="1">
              <value>
                <![CDATA["Enter invalid password"]]>
              </value>
            </param>
          </params>
          <reporter-output>
          </reporter-output>
        </test-method> <!-- runScenario -->
        <test-method signature="runScenario(io.cucumber.testng.PickleWrapper, io.cucumber.testng.FeatureWrapper)[pri:0, instance:testrunner@7ac296f6]" started-at="2022-10-16T06:47:54Z" name="runScenario" description="Runs Cucumber Scenarios" data-provider="scenarios" finished-at="2022-10-16T06:48:36Z" duration-ms="41477" status="PASS">
          <params>
            <param index="0">
              <value>
                <![CDATA["User enters details with wrong current password"]]>
              </value>
            </param>
            <param index="1">
              <value>
                <![CDATA["Enter invalid password"]]>
              </value>
            </param>
          </params>
          <reporter-output>
          </reporter-output>
        </test-method> <!-- runScenario -->
        <test-method is-config="true" signature="tearDownClass()[pri:0, instance:testrunner@7ac296f6]" started-at="2022-10-16T06:48:36Z" name="tearDownClass" finished-at="2022-10-16T06:48:36Z" duration-ms="82" status="PASS">
          <reporter-output>
          </reporter-output>
        </test-method> <!-- tearDownClass -->
      </class> <!-- testrunner -->
    </test> <!-- Default test -->
  </suite> <!-- Default suite -->
</testng-results>
